<?xml version="1.0" encoding="UTF-8"?>
<testsuite xmlns:xsi="http://www.w3.org/2001/XMLSchema-instance" xsi:noNamespaceSchemaLocation="https://maven.apache.org/surefire/maven-surefire-plugin/xsd/surefire-test-report-3.0.xsd" version="3.0" name="TestSuite" time="121.649" tests="2" errors="0" skipped="1" failures="1">
  <properties>
[...]
</properties>
  <testcase name="MCQ[stage](1)" classname="com.alooba.verifications.Index" time="0">
    <skipped message="Unable to locate element: //strong[contains(text(),&apos;Alooba Assess&apos;)]&#10;For documentation on this error, please visit: https://www.seleniumhq.org/exceptions/no_such_element.html&#10;Build info: version: &apos;3.141.59&apos;, revision: &apos;e82be7d358&apos;, time: &apos;2018-11-14T08:17:03&apos;&#10;System info: host: &apos;dev-pc&apos;, ip: &apos;127.0.1.1&apos;, os.name: &apos;Linux&apos;, os.arch: &apos;amd64&apos;, os.version: &apos;5.4.0-121-generic&apos;, java.version: &apos;1.8.0_312&apos;&#10;Driver info: org.openqa.selenium.firefox.FirefoxDriver&#10;Capabilities {acceptInsecureCerts: true, browserName: firefox, browserVersion: 102.0, javascriptEnabled: true, moz:accessibilityChecks: false, moz:buildID: 20220623063721, moz:geckodriverVersion: 0.31.0, moz:headless: false, moz:processID: 13072, moz:profile: /tmp/rust_mozprofile63zvhu, moz:shutdownTimeout: 60000, moz:useNonSpecCompliantPointerOrigin: false, moz:webdriverClick: true, moz:windowless: false, pageLoadStrategy: normal, platform: LINUX, platformName: LINUX, platformVersion: 5.4.0-121-generic, proxy: Proxy(), setWindowRect: true, strictFileInteractability: false, timeouts: {implicit: 0, pageLoad: 300000, script: 30000}, unhandledPromptBehavior: dismiss and notify}&#10;Session ID: 5c37d599-c675-4b81-8f11-2d8cf1645cb6&#10;*** Element info: {Using=xpath, value=//strong[contains(text(),&apos;Alooba Assess&apos;)]}"/>
    <system-out><![CDATA[[TestNGContentHandler] [WARN] It is strongly recommended to add "<!DOCTYPE suite SYSTEM "http://testng.org/testng-1.0.dtd" >" at the top of your file, otherwise TestNG may fail or not work as expected.
[TestNG] [WARN] Ignoring duplicate listener : org.uncommons.reportng.HTMLReporter
[TestNG] [WARN] Ignoring duplicate listener : org.uncommons.reportng.JUnitXMLReporter
...
... TestNG 6.14.3 by Cédric Beust (cedric@beust.com)
...

Feature-UAT"MCQ_DataAnalysis,TestCase Name: 1.26 Verify Test For MCQ_DataAnalysis Feature.
Script : Verify Test For MCQ_DataAnalysis.
-----------------------------------------------------------------------------------
System OS :: linux
-----------------------------------------------------------------------------------
Initial URL :: https://alooba:alooba@staging.alooba.com/
Step :: Click on Login Link
Step :: Verify Login Page Elements
Users List-> [{"candidates":{"phone_number":"+19197802343","email":{"prefix":"le2j3.","suffix":"@inbox.testmail.app"}},"base_urls":{"landing":{"auth":"alooba:alooba","url":"https:\/\/alooba:alooba@staging.alooba.com\/"},"v1":{"url":"https:\/\/alooba:alooba@app1.stage.alooba.com"},"v2":{"url":"https:\/\/alooba:alooba@app.stage.alooba.com"}},"users":{"paid_admin":{},"non_existing":{"password":"Sample123","username":"example@alooba.com"},"paid_standard":{},"unpaid_owner":{},"invalid_password":{"password":"Sample123","username":"qa+automation@alooba.com"},"paid_owner":{"password":"Alooba123","username":"qa+automation@alooba.com"},"paid_restricted":{}}}]
Users -> {"candidates":{"phone_number":"+19197802343","email":{"prefix":"le2j3.","suffix":"@inbox.testmail.app"}},"base_urls":{"landing":{"auth":"alooba:alooba","url":"https:\/\/alooba:alooba@staging.alooba.com\/"},"v1":{"url":"https:\/\/alooba:alooba@app1.stage.alooba.com"},"v2":{"url":"https:\/\/alooba:alooba@app.stage.alooba.com"}},"users":{"paid_admin":{},"non_existing":{"password":"Sample123","username":"example@alooba.com"},"paid_standard":{},"unpaid_owner":{},"invalid_password":{"password":"Sample123","username":"qa+automation@alooba.com"},"paid_owner":{"password":"Alooba123","username":"qa+automation@alooba.com"},"paid_restricted":{}}}
Step :: Enter email address : qa+automation@alooba.com
Step :: Enter password : Alooba123
Step :: log in is successful
Step: Click on Hiring Assessment button
Step: Click on Create Assessment button
Step :: Click on Create Customized Assessment button
Step :: Select Assesstment Type: Hiring
Retrying MCQ again and the count is 1
]]></system-out>
    <system-err><![CDATA[Jul 06, 2022 12:57:20 PM org.openqa.selenium.remote.DesiredCapabilities firefox
INFO: Using `new FirefoxOptions()` is preferred to `DesiredCapabilities.firefox()`
1657092440901	geckodriver	INFO	Listening on 127.0.0.1:15390
1657092441139	mozrunner::runner	INFO	Running command: "/usr/lib/firefox/firefox" "--marionette" "-no-remote" "-profile" "/tmp/rust_mozprofile63zvhu"
ATTENTION: default value of option mesa_glthread overridden by environment.
ATTENTION: default value of option mesa_glthread overridden by environment.
ATTENTION: default value of option mesa_glthread overridden by environment.
ATTENTION: default value of option mesa_glthread overridden by environment.
1657092442448	Marionette	INFO	Marionette enabled
1657092442456	Marionette	INFO	Listening on port 40827
Read port: 40827
1657092442631	RemoteAgent	WARN	TLS certificate errors will be ignored for this session
console.warn: SearchSettings: "get: No settings file exists, new profile?" (new NotFoundError("Could not open the file at /tmp/rust_mozprofile63zvhu/search.json.mozlz4", (void 0)))
Missing chrome or resource URL: resource://gre/modules/UpdateListener.jsm
Missing chrome or resource URL: resource://gre/modules/UpdateListener.sys.mjs
Jul 06, 2022 12:57:24 PM org.openqa.selenium.remote.ProtocolHandshake createSession
INFO: Detected dialect: W3C
JavaScript error: https://alooba:alooba@staging.alooba.com/, line 858: TypeError: window.external.msTrackingProtectionEnabled is not a function
JavaScript warning: https://app.stage.alooba.com/static/js/2.268bdd69.chunk.js, line 2: unreachable code after return statement
JavaScript warning: https://app.stage.alooba.com/static/js/2.268bdd69.chunk.js, line 2: unreachable code after return statement
JavaScript warning: https://app.stage.alooba.com/static/js/2.268bdd69.chunk.js, line 2: unreachable code after return statement
console.warn: LoginRecipes: "getRecipes: falling back to a synchronous message for:" "https://app.stage.alooba.com"
console.warn: LoginRecipes: "getRecipes: falling back to a syncJharonouvaScsrip mets serror: raegseo urce://gfroer/:m"o d"uhltets/LoginManagerParentp.sj:s/m/,a pline 136: TypeError: gRecipeManager is null
p.stage.alooba.com"
console.warn: LoginRecipes: "getRecipes: falling baJcakv to a synchronaSocript error: resuosu rmcees:s/a/gger ef/omro:" "dhuttpsl:e//sa/pLpo.ginManagersParent.jsm, line 136: TypeError: gRecipeManager is null
tage.alooba.com"
JavaScript warning: https://app.stage.alooba.com/static/js/2.268bdd69.chunk.js, line 2: unreachable code after return statement
JavaScript warning: https://app.stage.alooba.com/static/js/2.268bdd69.chunk.js, line 2: unreachable code after return statement
JavaScript warning: https://app.stage.alooba.com/static/js/2.268bdd69.chunk.js, line 2: unreachable code after return statement
]]></system-err>
  </testcase>
  <testcase name="MCQ[stage](2)" classname="com.alooba.verifications.Index" time="49.828">
    <failure message="Unable to locate element: //strong[contains(text(),&apos;Alooba Assess&apos;)]&#10;For documentation on this error, please visit: https://www.seleniumhq.org/exceptions/no_such_element.html&#10;Build info: version: &apos;3.141.59&apos;, revision: &apos;e82be7d358&apos;, time: &apos;2018-11-14T08:17:03&apos;&#10;System info: host: &apos;dev-pc&apos;, ip: &apos;127.0.1.1&apos;, os.name: &apos;Linux&apos;, os.arch: &apos;amd64&apos;, os.version: &apos;5.4.0-121-generic&apos;, java.version: &apos;1.8.0_312&apos;&#10;Driver info: org.openqa.selenium.firefox.FirefoxDriver&#10;Capabilities {acceptInsecureCerts: true, browserName: firefox, browserVersion: 102.0, javascriptEnabled: true, moz:accessibilityChecks: false, moz:buildID: 20220623063721, moz:geckodriverVersion: 0.31.0, moz:headless: false, moz:processID: 13539, moz:profile: /tmp/rust_mozprofilednOIVI, moz:shutdownTimeout: 60000, moz:useNonSpecCompliantPointerOrigin: false, moz:webdriverClick: true, moz:windowless: false, pageLoadStrategy: normal, platform: LINUX, platformName: LINUX, platformVersion: 5.4.0-121-generic, proxy: Proxy(), setWindowRect: true, strictFileInteractability: false, timeouts: {implicit: 0, pageLoad: 300000, script: 30000}, unhandledPromptBehavior: dismiss and notify}&#10;Session ID: 58ace1c2-6298-4870-b50c-e905452ce0e8&#10;*** Element info: {Using=xpath, value=//strong[contains(text(),&apos;Alooba Assess&apos;)]}" type="org.openqa.selenium.NoSuchElementException"><![CDATA[org.openqa.selenium.NoSuchElementException: 
Unable to locate element: //strong[contains(text(),'Alooba Assess')]
For documentation on this error, please visit: https://www.seleniumhq.org/exceptions/no_such_element.html
Build info: version: '3.141.59', revision: 'e82be7d358', time: '2018-11-14T08:17:03'
System info: host: 'dev-pc', ip: '127.0.1.1', os.name: 'Linux', os.arch: 'amd64', os.version: '5.4.0-121-generic', java.version: '1.8.0_312'
Driver info: org.openqa.selenium.firefox.FirefoxDriver
Capabilities {acceptInsecureCerts: true, browserName: firefox, browserVersion: 102.0, javascriptEnabled: true, moz:accessibilityChecks: false, moz:buildID: 20220623063721, moz:geckodriverVersion: 0.31.0, moz:headless: false, moz:processID: 13539, moz:profile: /tmp/rust_mozprofilednOIVI, moz:shutdownTimeout: 60000, moz:useNonSpecCompliantPointerOrigin: false, moz:webdriverClick: true, moz:windowless: false, pageLoadStrategy: normal, platform: LINUX, platformName: LINUX, platformVersion: 5.4.0-121-generic, proxy: Proxy(), setWindowRect: true, strictFileInteractability: false, timeouts: {implicit: 0, pageLoad: 300000, script: 30000}, unhandledPromptBehavior: dismiss and notify}
Session ID: 58ace1c2-6298-4870-b50c-e905452ce0e8
*** Element info: {Using=xpath, value=//strong[contains(text(),'Alooba Assess')]}
	at com.alooba.verifications.Index.MCQ(Index.java:1146)
]]></failure>
    <system-out><![CDATA[Feature-UAT"MCQ_DataAnalysis,TestCase Name: 1.26 Verify Test For MCQ_DataAnalysis Feature.
Script : Verify Test For MCQ_DataAnalysis.
-----------------------------------------------------------------------------------
System OS :: linux
-----------------------------------------------------------------------------------
Initial URL :: https://alooba:alooba@staging.alooba.com/
Step :: Click on Login Link
Step :: Verify Login Page Elements
Users List-> [{"candidates":{"phone_number":"+19197802343","email":{"prefix":"le2j3.","suffix":"@inbox.testmail.app"}},"base_urls":{"landing":{"auth":"alooba:alooba","url":"https:\/\/alooba:alooba@staging.alooba.com\/"},"v1":{"url":"https:\/\/alooba:alooba@app1.stage.alooba.com"},"v2":{"url":"https:\/\/alooba:alooba@app.stage.alooba.com"}},"users":{"paid_admin":{},"non_existing":{"password":"Sample123","username":"example@alooba.com"},"paid_standard":{},"unpaid_owner":{},"invalid_password":{"password":"Sample123","username":"qa+automation@alooba.com"},"paid_owner":{"password":"Alooba123","username":"qa+automation@alooba.com"},"paid_restricted":{}}}]
Users -> {"candidates":{"phone_number":"+19197802343","email":{"prefix":"le2j3.","suffix":"@inbox.testmail.app"}},"base_urls":{"landing":{"auth":"alooba:alooba","url":"https:\/\/alooba:alooba@staging.alooba.com\/"},"v1":{"url":"https:\/\/alooba:alooba@app1.stage.alooba.com"},"v2":{"url":"https:\/\/alooba:alooba@app.stage.alooba.com"}},"users":{"paid_admin":{},"non_existing":{"password":"Sample123","username":"example@alooba.com"},"paid_standard":{},"unpaid_owner":{},"invalid_password":{"password":"Sample123","username":"qa+automation@alooba.com"},"paid_owner":{"password":"Alooba123","username":"qa+automation@alooba.com"},"paid_restricted":{}}}
Step :: Enter email address : qa+automation@alooba.com
Step :: Enter password : Alooba123
Step :: log in is successful
Step: Click on Hiring Assessment button
Step: Click on Create Assessment button
Step :: Click on Create Customized Assessment button
Step :: Select Assesstment Type: Hiring
]]></system-out>
    <system-err><![CDATA[1657092500468	Marionette	INFO	Stopped listening on port 40827
Missing chrome or resourccoen sUoRlLe:. errersooru:r c"eE:r/r/ogrr ed/umroidnugl eqsu/iUtp-daaptpelLiicsatteinoenr-.gjrsamn
ted:M i[sEsxicnegp tcihorno.m.e.  o\r" Frielseo uerrcreo rU:R LN:o tr efsoouunrdc\e": / /ngsrree/smuoldtu:l e\s"/0Uxp8d0a5t2e0L0i1stener.sys.mjs
2 (NS_ERROR_FILE_NOT_FOUND)\"  location: \"JS frame :: resource:///modules/BrowserGlue.jsm :: _onQuitApplicationGranted/tasks< :: line 1996\"  data: no]"
Jul 06, 2022 12:58:21 PM org.openqa.selenium.remote.DesiredCapabilities firefox
INFO: Using `new FirefoxOptions()` is preferred to `DesiredCapabilities.firefox()`
1657092501379	geckodriver	INFO	Listening on 127.0.0.1:30287
1657092501393	mozrunner::runner	INFO	Running command: "/usr/lib/firefox/firefox" "--marionette" "-no-remote" "-profile" "/tmp/rust_mozprofilednOIVI"
ATTENTION: default value of option mesa_glthread overridden by environment.
ATTENTION: default value of option mesa_glthread overridden by environment.
ATTENTION: default value of option mesa_glthread overridden by environment.
ATTENTION: default value of option mesa_glthread overridden by environment.
1657092502774	Marionette	INFO	Marionette enabled
1657092502781	Marionette	INFO	Listening on port 38571
Read port: 38571
1657092502973	RemoteAgent	WARN	TLS certificate errors will be ignored for this session
console.warn: SearchSettings: "get: No settings file exists, new profile?" (new NotFoundError("Could not open the file at /tmp/rust_mozprofilednOIVI/search.json.mozlz4", (void 0)))
Missing chrome or resource URL: resource://gre/modules/UpdateListener.jsm
Missing chrome or resource URL: resource://gre/modules/UpdateListener.sys.mjs
Jul 06, 2022 12:58:25 PM org.openqa.selenium.remote.ProtocolHandshake createSession
INFO: Detected dialect: W3C
JavaScript error: https://alooba:alooba@staging.alooba.com/, line 858: TypeError: window.external.msTrackingProtectionEnabled is not a function
JavaScript warning: https://app.stage.alooba.com/static/js/2.268bdd69.chunk.js, line 2: unreachable code after return statement
JavaScript warning: https://app.stage.alooba.com/static/js/2.268bdd69.chunk.js, line 2: unreachable code after return statement
JavaScript warning: https://app.stage.alooba.com/static/js/2.268bdd69.chunk.js, line 2: unreachable code after return statement
console.warn: LoginRecipes: "getRecipes: falling back to a synchronous message for:" "https://app.stage.alooba.com"
console.warn: LoginRecipes: "getRecipes: falling back to a synchronouJsa vmessagaScriept  efrroor: rr:eso"urc e"https:/://app.stage.alooba.com"
/gre/modules/LoginManagerParent.jsm, line 136: TypeError: gRecipeManager is null
console.warn: LoginRecipes: "getRecipes: falling back to a synchroJnavous message for:" "https://apaSpc.rsitpat gerreor:. alooba.com"
resource://gre/modules/LoginManagerParent.jsm, line 136: TypeError: gRecipeManager is null
JavaScript warning: https://app.stage.alooba.com/static/js/2.268bdd69.chunk.js, line 2: unreachable code after return statement
JavaScript warning: https://app.stage.alooba.com/static/js/2.268bdd69.chunk.js, line 2: unreachable code after return statement
JavaScript warning: https://app.stage.alooba.com/static/js/2.268bdd69.chunk.js, line 2: unreachable code after return statement
]]></system-err>
  </testcase>
</testsuite>